2019-05-17 13:36:05 INFO  MeRefApp:13 - Method static
2019-05-17 13:36:05 INFO  MeRefApp:13 - Method static
2019-05-17 13:41:12 INFO  MeRefApp:13 - Method static
2019-05-17 13:41:12 INFO  MeRefApp:13 - Method static
2019-05-17 13:46:03 INFO  MeRefApp:13 - Method static
2019-05-17 13:46:03 INFO  MeRefApp:13 - Method static
2019-05-17 13:46:03 INFO  MeRefApp:31 - [Ferrari, Lamborghini, Porsche]
2019-05-17 13:46:03 INFO  MeRefApp:35 - Method referenced in instance of class
2019-05-17 14:03:10 INFO  MeRefApp:13 - Method static
2019-05-17 14:03:10 INFO  MeRefApp:13 - Method static
2019-05-17 14:03:10 INFO  MeRefApp:31 - [Ferrari, Lamborghini, Porsche]
2019-05-17 14:03:10 INFO  MeRefApp:35 - Method referenced in instance of object
2019-05-17 14:03:10 INFO  MeRefApp:42 - com.alejandro.java8.referencestomethods.MeRefApp$$Lambda$45/2097905212@15bb5034
2019-05-17 14:03:14 INFO  MeRefApp:13 - Method static
2019-05-17 14:03:14 INFO  MeRefApp:13 - Method static
2019-05-17 14:03:14 INFO  MeRefApp:31 - [Ferrari, Lamborghini, Porsche]
2019-05-17 14:03:14 INFO  MeRefApp:35 - Method referenced in instance of object
2019-05-17 14:03:14 INFO  MeRefApp:42 - com.alejandro.java8.referencestomethods.MeRefApp$$Lambda$35/84739718@7a3d45bd
2019-05-17 14:03:33 INFO  MeRefApp:13 - Method static
2019-05-17 14:03:33 INFO  MeRefApp:13 - Method static
2019-05-17 14:03:33 INFO  MeRefApp:31 - [Ferrari, Lamborghini, Porsche]
2019-05-17 14:03:33 INFO  MeRefApp:35 - Method referenced in instance of object
2019-05-17 14:03:33 INFO  MeRefApp:42 - com.alejandro.java8.referencestomethods.MeRefApp$$Lambda$45/2097905212@15bb5034
2019-05-17 14:03:46 INFO  MeRefApp:13 - Method static
2019-05-17 14:03:46 INFO  MeRefApp:13 - Method static
2019-05-17 14:03:46 INFO  MeRefApp:31 - [Ferrari, Lamborghini, Porsche]
2019-05-17 14:03:46 INFO  MeRefApp:35 - Method referenced in instance of object
2019-05-17 14:03:46 INFO  MeRefApp:42 - com.alejandro.java8.referencestomethods.MeRefApp$$Lambda$45/2097905212@15bb5034
2019-05-17 14:05:08 INFO  MeRefApp:13 - Method static
2019-05-17 14:05:08 INFO  MeRefApp:13 - Method static
2019-05-17 14:05:08 INFO  MeRefApp:31 - [Ferrari, Lamborghini, Porsche]
2019-05-17 14:05:08 INFO  MeRefApp:35 - Method referenced in instance of object
2019-05-17 14:05:08 INFO  MeRefApp:42 - ObjectExample [id=1, properties=all]
2019-05-17 14:08:53 INFO  MeRefApp:13 - Method static
2019-05-17 14:08:53 INFO  MeRefApp:13 - Method static
2019-05-17 14:08:53 INFO  MeRefApp:31 - [Ferrari, Lamborghini, Porsche]
2019-05-17 14:08:53 INFO  MeRefApp:35 - Method referenced in instance of object
2019-05-17 14:08:53 INFO  MeRefApp:47 - ObjectExample [id=1, properties=all]
2019-05-19 16:25:23 INFO  MeRefApp:13 - Method static
2019-05-19 16:25:23 INFO  MeRefApp:13 - Method static
2019-05-19 16:25:23 INFO  MeRefApp:31 - [Ferrari, Lamborghini, Porsche]
2019-05-19 16:25:23 INFO  MeRefApp:35 - Method referenced in instance of object
2019-05-19 16:25:23 INFO  MeRefApp:47 - ObjectExample [id=1, properties=all]
2019-05-19 16:26:32 INFO  MeRefApp:13 - Method static
2019-05-19 16:26:32 INFO  MeRefApp:13 - Method static
2019-05-19 16:26:32 INFO  MeRefApp:31 - [Ferrari, Lamborghini, Porsche]
2019-05-19 16:26:32 INFO  MeRefApp:35 - Method referenced in instance of object
2019-05-19 16:26:32 INFO  MeRefApp:47 - ObjectExample [id=1, properties=all]
2019-05-19 16:27:14 INFO  MeRefApp:13 - Method static
2019-05-19 16:27:14 INFO  MeRefApp:13 - Method static
2019-05-19 16:27:14 INFO  MeRefApp:31 - [Ferrari, Lamborghini, Porsche]
2019-05-19 16:27:14 INFO  MeRefApp:35 - Method referenced in instance of object
2019-05-19 16:27:14 INFO  MeRefApp:47 - ObjectExample [id=1, properties=all]
2019-05-19 20:40:16 INFO  Main:1378 - Java
2019-05-19 20:40:16 INFO  Main:1378 - Typescript
2019-06-28 18:30:25 INFO  Optional:27 - true
2019-07-01 20:37:49 INFO  StreamParallel:1382 - 0
2019-07-01 20:37:49 INFO  StreamParallel:1382 - 1
2019-07-01 20:37:49 INFO  StreamParallel:1382 - 2
2019-07-01 20:37:49 INFO  StreamParallel:1382 - 3
2019-07-01 20:37:49 INFO  StreamParallel:1382 - 4
2019-07-01 20:37:49 INFO  StreamParallel:1382 - 5
2019-07-01 20:37:49 INFO  StreamParallel:1382 - 6
2019-07-01 20:37:49 INFO  StreamParallel:1382 - 7
2019-07-01 20:37:49 INFO  StreamParallel:1382 - 8
2019-07-01 20:37:49 INFO  StreamParallel:1382 - 9
2019-07-01 20:38:01 INFO  StreamParallel:1382 - 0
2019-07-01 20:38:01 INFO  StreamParallel:1382 - 1
2019-07-01 20:38:01 INFO  StreamParallel:1382 - 2
2019-07-01 20:38:01 INFO  StreamParallel:1382 - 3
2019-07-01 20:38:01 INFO  StreamParallel:1382 - 4
2019-07-01 20:38:01 INFO  StreamParallel:1382 - 5
2019-07-01 20:38:01 INFO  StreamParallel:1382 - 6
2019-07-01 20:38:01 INFO  StreamParallel:1382 - 7
2019-07-01 20:38:01 INFO  StreamParallel:1382 - 8
2019-07-01 20:38:01 INFO  StreamParallel:1382 - 9
2019-07-01 20:38:01 INFO  StreamParallel:184 - 6
2019-07-01 20:38:01 INFO  StreamParallel:184 - 8
2019-07-01 20:38:01 INFO  StreamParallel:184 - 5
2019-07-01 20:38:01 INFO  StreamParallel:184 - 1
2019-07-01 20:38:01 INFO  StreamParallel:184 - 2
2019-07-01 20:38:01 INFO  StreamParallel:184 - 7
2019-07-01 20:38:01 INFO  StreamParallel:184 - 9
2019-07-01 20:38:01 INFO  StreamParallel:184 - 3
2019-07-01 20:38:01 INFO  StreamParallel:184 - 0
2019-07-01 20:38:01 INFO  StreamParallel:184 - 4
2019-07-10 12:52:39 INFO  DateAPI:114 - 1995-08-25
